[2023-05-02 14:27:37:1452][restartedMain] DEBUG o.s.w.s.m.m.a.RequestMappingHandlerAdapter - ControllerAdvice beans: 0 @ModelAttribute, 0 @InitBinder, 1 RequestBodyAdvice, 1 ResponseBodyAdvice
[2023-05-02 14:27:37:1494][restartedMain] DEBUG o.s.w.s.m.m.a.RequestMappingHandlerMapping - 9 mappings in 'requestMappingHandlerMapping'
[2023-05-02 14:27:38:1519][restartedMain] DEBUG o.s.w.s.h.SimpleUrlHandlerMapping - Patterns [/webjars/**, /**] in 'resourceHandlerMapping'
[2023-05-02 14:27:38:1527][restartedMain] DEBUG o.s.w.s.m.m.a.ExceptionHandlerExceptionResolver - ControllerAdvice beans: 0 @ExceptionHandler, 1 ResponseBodyAdvice
[2023-05-02 14:27:44:8161][http-nio-8089-exec-1] INFO  o.s.web.servlet.DispatcherServlet - Initializing Servlet 'dispatcherServlet'
[2023-05-02 14:27:44:8162][http-nio-8089-exec-1] DEBUG o.s.web.servlet.DispatcherServlet - Detected StandardServletMultipartResolver
[2023-05-02 14:27:44:8162][http-nio-8089-exec-1] DEBUG o.s.web.servlet.DispatcherServlet - Detected AcceptHeaderLocaleResolver
[2023-05-02 14:27:44:8162][http-nio-8089-exec-1] DEBUG o.s.web.servlet.DispatcherServlet - Detected FixedThemeResolver
[2023-05-02 14:27:44:8164][http-nio-8089-exec-1] DEBUG o.s.web.servlet.DispatcherServlet - Detected org.springframework.web.servlet.view.DefaultRequestToViewNameTranslator@14dff149
[2023-05-02 14:27:44:8164][http-nio-8089-exec-1] DEBUG o.s.web.servlet.DispatcherServlet - Detected org.springframework.web.servlet.support.SessionFlashMapManager@5b72318a
[2023-05-02 14:27:44:8164][http-nio-8089-exec-1] DEBUG o.s.web.servlet.DispatcherServlet - enableLoggingRequestDetails='false': request parameters and headers will be masked to prevent unsafe logging of potentially sensitive data
[2023-05-02 14:27:44:8164][http-nio-8089-exec-1] INFO  o.s.web.servlet.DispatcherServlet - Completed initialization in 2 ms
[2023-05-02 14:27:44:8189][http-nio-8089-exec-1] DEBUG o.s.web.servlet.DispatcherServlet - GET "/livechart", parameters={}
[2023-05-02 14:27:44:8196][http-nio-8089-exec-1] DEBUG o.s.w.s.m.m.a.RequestMappingHandlerMapping - Mapped to com.kbstar.controller.MainController#livechart(Model)
[2023-05-02 14:27:44:8208][http-nio-8089-exec-1] DEBUG o.s.w.s.v.ContentNegotiatingViewResolver - Selected 'text/html' given [text/html, application/xhtml+xml, image/avif, image/webp, image/apng, application/xml;q=0.9, application/signed-exchange;v=b3;q=0.7, */*;q=0.8]
[2023-05-02 14:27:44:8209][http-nio-8089-exec-1] DEBUG o.s.web.servlet.view.JstlView - View name 'index', model {center=livechart}
[2023-05-02 14:27:44:8210][http-nio-8089-exec-1] DEBUG o.s.web.servlet.view.JstlView - Forwarding to [/views/index.jsp]
[2023-05-02 14:27:45:9082][http-nio-8089-exec-3] DEBUG o.s.web.servlet.DispatcherServlet - GET "/css/sb-admin-2.min.css", parameters={}
[2023-05-02 14:27:45:9082][http-nio-8089-exec-4] DEBUG o.s.web.servlet.DispatcherServlet - GET "/vendor/datatables/dataTables.bootstrap4.min.css", parameters={}
[2023-05-02 14:27:45:9082][http-nio-8089-exec-5] DEBUG o.s.web.servlet.DispatcherServlet - GET "/js/charts.js", parameters={}
[2023-05-02 14:27:45:9082][http-nio-8089-exec-2] DEBUG o.s.web.servlet.DispatcherServlet - GET "/vendor/fontawesome-free/css/all.min.css", parameters={}
[2023-05-02 14:27:45:9092][http-nio-8089-exec-3] DEBUG o.s.w.s.h.SimpleUrlHandlerMapping - Mapped to ResourceHttpRequestHandler [classpath [META-INF/resources/], classpath [resources/], classpath [static/], classpath [public/], ServletContext [/]]
[2023-05-02 14:27:45:9092][http-nio-8089-exec-2] DEBUG o.s.w.s.h.SimpleUrlHandlerMapping - Mapped to ResourceHttpRequestHandler [classpath [META-INF/resources/], classpath [resources/], classpath [static/], classpath [public/], ServletContext [/]]
[2023-05-02 14:27:45:9092][http-nio-8089-exec-4] DEBUG o.s.w.s.h.SimpleUrlHandlerMapping - Mapped to ResourceHttpRequestHandler [classpath [META-INF/resources/], classpath [resources/], classpath [static/], classpath [public/], ServletContext [/]]
[2023-05-02 14:27:45:9095][http-nio-8089-exec-5] DEBUG o.s.w.s.h.SimpleUrlHandlerMapping - Mapped to ResourceHttpRequestHandler [classpath [META-INF/resources/], classpath [resources/], classpath [static/], classpath [public/], ServletContext [/]]
[2023-05-02 14:27:45:9105][http-nio-8089-exec-5] DEBUG o.s.web.servlet.DispatcherServlet - Completed 200 OK
[2023-05-02 14:27:45:9106][http-nio-8089-exec-3] DEBUG o.s.web.servlet.DispatcherServlet - Completed 200 OK
[2023-05-02 14:27:45:9108][http-nio-8089-exec-4] DEBUG o.s.web.servlet.DispatcherServlet - Completed 200 OK
[2023-05-02 14:27:45:9110][http-nio-8089-exec-2] DEBUG o.s.web.servlet.DispatcherServlet - Completed 200 OK
[2023-05-02 14:27:45:9115][http-nio-8089-exec-4] DEBUG o.s.web.servlet.DispatcherServlet - GET "/img/undraw_rocket.svg", parameters={}
[2023-05-02 14:27:45:9115][http-nio-8089-exec-4] DEBUG o.s.w.s.h.SimpleUrlHandlerMapping - Mapped to ResourceHttpRequestHandler [classpath [META-INF/resources/], classpath [resources/], classpath [static/], classpath [public/], ServletContext [/]]
[2023-05-02 14:27:45:9116][http-nio-8089-exec-4] DEBUG o.s.web.servlet.DispatcherServlet - Completed 200 OK
[2023-05-02 14:27:45:9128][http-nio-8089-exec-7] DEBUG o.s.web.servlet.DispatcherServlet - GET "/img/undraw_profile_1.svg", parameters={}
[2023-05-02 14:27:45:9130][http-nio-8089-exec-7] DEBUG o.s.w.s.h.SimpleUrlHandlerMapping - Mapped to ResourceHttpRequestHandler [classpath [META-INF/resources/], classpath [resources/], classpath [static/], classpath [public/], ServletContext [/]]
[2023-05-02 14:27:45:9133][http-nio-8089-exec-7] DEBUG o.s.web.servlet.DispatcherServlet - Completed 200 OK
[2023-05-02 14:27:45:9152][http-nio-8089-exec-8] DEBUG o.s.web.servlet.DispatcherServlet - GET "/img/undraw_profile_2.svg", parameters={}
[2023-05-02 14:27:45:9152][http-nio-8089-exec-8] DEBUG o.s.w.s.h.SimpleUrlHandlerMapping - Mapped to ResourceHttpRequestHandler [classpath [META-INF/resources/], classpath [resources/], classpath [static/], classpath [public/], ServletContext [/]]
[2023-05-02 14:27:45:9154][http-nio-8089-exec-8] DEBUG o.s.web.servlet.DispatcherServlet - Completed 200 OK
[2023-05-02 14:27:45:9180][http-nio-8089-exec-9] DEBUG o.s.web.servlet.DispatcherServlet - GET "/vendor/fontawesome-free/webfonts/fa-solid-900.woff2", parameters={}
[2023-05-02 14:27:45:9181][http-nio-8089-exec-9] DEBUG o.s.w.s.h.SimpleUrlHandlerMapping - Mapped to ResourceHttpRequestHandler [classpath [META-INF/resources/], classpath [resources/], classpath [static/], classpath [public/], ServletContext [/]]
[2023-05-02 14:27:45:9186][http-nio-8089-exec-9] DEBUG o.s.web.servlet.DispatcherServlet - Completed 200 OK
[2023-05-02 14:27:45:9290][http-nio-8089-exec-1] DEBUG o.s.web.servlet.DispatcherServlet - Completed 200 OK
[2023-05-02 14:27:45:9299][http-nio-8089-exec-10] DEBUG o.s.web.servlet.DispatcherServlet - GET "/img/undraw_profile_3.svg", parameters={}
[2023-05-02 14:27:45:9300][http-nio-8089-exec-10] DEBUG o.s.w.s.h.SimpleUrlHandlerMapping - Mapped to ResourceHttpRequestHandler [classpath [META-INF/resources/], classpath [resources/], classpath [static/], classpath [public/], ServletContext [/]]
[2023-05-02 14:27:45:9301][http-nio-8089-exec-10] DEBUG o.s.web.servlet.DispatcherServlet - Completed 200 OK
[2023-05-02 14:27:45:9304][http-nio-8089-exec-6] DEBUG o.s.web.servlet.DispatcherServlet - GET "/img/undraw_profile.svg", parameters={}
[2023-05-02 14:27:45:9310][http-nio-8089-exec-6] DEBUG o.s.w.s.h.SimpleUrlHandlerMapping - Mapped to ResourceHttpRequestHandler [classpath [META-INF/resources/], classpath [resources/], classpath [static/], classpath [public/], ServletContext [/]]
[2023-05-02 14:27:45:9311][http-nio-8089-exec-3] DEBUG o.s.web.servlet.DispatcherServlet - GET "/vendor/jquery-easing/jquery.easing.min.js", parameters={}
[2023-05-02 14:27:45:9311][http-nio-8089-exec-3] DEBUG o.s.w.s.h.SimpleUrlHandlerMapping - Mapped to ResourceHttpRequestHandler [classpath [META-INF/resources/], classpath [resources/], classpath [static/], classpath [public/], ServletContext [/]]
[2023-05-02 14:27:45:9313][http-nio-8089-exec-2] DEBUG o.s.web.servlet.DispatcherServlet - GET "/vendor/bootstrap/js/bootstrap.bundle.min.js", parameters={}
[2023-05-02 14:27:45:9316][http-nio-8089-exec-6] DEBUG o.s.web.servlet.DispatcherServlet - Completed 200 OK
[2023-05-02 14:27:45:9317][http-nio-8089-exec-2] DEBUG o.s.w.s.h.SimpleUrlHandlerMapping - Mapped to ResourceHttpRequestHandler [classpath [META-INF/resources/], classpath [resources/], classpath [static/], classpath [public/], ServletContext [/]]
[2023-05-02 14:27:45:9318][http-nio-8089-exec-5] DEBUG o.s.web.servlet.DispatcherServlet - GET "/vendor/jquery/jquery.min.js", parameters={}
[2023-05-02 14:27:45:9318][http-nio-8089-exec-5] DEBUG o.s.w.s.h.SimpleUrlHandlerMapping - Mapped to ResourceHttpRequestHandler [classpath [META-INF/resources/], classpath [resources/], classpath [static/], classpath [public/], ServletContext [/]]
[2023-05-02 14:27:45:9320][http-nio-8089-exec-4] DEBUG o.s.web.servlet.DispatcherServlet - GET "/js/sb-admin-2.min.js", parameters={}
[2023-05-02 14:27:45:9326][http-nio-8089-exec-3] DEBUG o.s.web.servlet.DispatcherServlet - Completed 200 OK
[2023-05-02 14:27:45:9326][http-nio-8089-exec-4] DEBUG o.s.w.s.h.SimpleUrlHandlerMapping - Mapped to ResourceHttpRequestHandler [classpath [META-INF/resources/], classpath [resources/], classpath [static/], classpath [public/], ServletContext [/]]
[2023-05-02 14:27:45:9339][http-nio-8089-exec-7] DEBUG o.s.web.servlet.DispatcherServlet - GET "/vendor/chart.js/Chart.min.js", parameters={}
[2023-05-02 14:27:45:9341][http-nio-8089-exec-7] DEBUG o.s.w.s.h.SimpleUrlHandlerMapping - Mapped to ResourceHttpRequestHandler [classpath [META-INF/resources/], classpath [resources/], classpath [static/], classpath [public/], ServletContext [/]]
[2023-05-02 14:27:45:9341][http-nio-8089-exec-8] DEBUG o.s.web.servlet.DispatcherServlet - GET "/js/demo/chart-area-demo.js", parameters={}
[2023-05-02 14:27:45:9342][http-nio-8089-exec-8] DEBUG o.s.w.s.h.SimpleUrlHandlerMapping - Mapped to ResourceHttpRequestHandler [classpath [META-INF/resources/], classpath [resources/], classpath [static/], classpath [public/], ServletContext [/]]
[2023-05-02 14:27:45:9343][http-nio-8089-exec-3] DEBUG o.s.web.servlet.DispatcherServlet - GET "/js/demo/chart-pie-demo.js", parameters={}
[2023-05-02 14:27:45:9344][http-nio-8089-exec-3] DEBUG o.s.w.s.h.SimpleUrlHandlerMapping - Mapped to ResourceHttpRequestHandler [classpath [META-INF/resources/], classpath [resources/], classpath [static/], classpath [public/], ServletContext [/]]
[2023-05-02 14:27:45:9347][http-nio-8089-exec-5] DEBUG o.s.web.servlet.DispatcherServlet - Completed 200 OK
[2023-05-02 14:27:45:9356][http-nio-8089-exec-4] DEBUG o.s.web.servlet.DispatcherServlet - Completed 200 OK
[2023-05-02 14:27:45:9357][http-nio-8089-exec-8] DEBUG o.s.web.servlet.DispatcherServlet - Completed 200 OK
[2023-05-02 14:27:45:9358][http-nio-8089-exec-4] DEBUG o.s.web.servlet.DispatcherServlet - GET "/js/demo/datatables-demo.js", parameters={}
[2023-05-02 14:27:45:9358][http-nio-8089-exec-7] DEBUG o.s.web.servlet.DispatcherServlet - Completed 200 OK
[2023-05-02 14:27:45:9359][http-nio-8089-exec-4] DEBUG o.s.w.s.h.SimpleUrlHandlerMapping - Mapped to ResourceHttpRequestHandler [classpath [META-INF/resources/], classpath [resources/], classpath [static/], classpath [public/], ServletContext [/]]
[2023-05-02 14:27:45:9360][http-nio-8089-exec-8] DEBUG o.s.web.servlet.DispatcherServlet - GET "/vendor/datatables/dataTables.bootstrap4.min.js", parameters={}
[2023-05-02 14:27:45:9360][http-nio-8089-exec-8] DEBUG o.s.w.s.h.SimpleUrlHandlerMapping - Mapped to ResourceHttpRequestHandler [classpath [META-INF/resources/], classpath [resources/], classpath [static/], classpath [public/], ServletContext [/]]
[2023-05-02 14:27:45:9360][http-nio-8089-exec-5] DEBUG o.s.web.servlet.DispatcherServlet - GET "/vendor/datatables/jquery.dataTables.min.js", parameters={}
[2023-05-02 14:27:45:9361][http-nio-8089-exec-3] DEBUG o.s.web.servlet.DispatcherServlet - Completed 200 OK
[2023-05-02 14:27:45:9362][http-nio-8089-exec-5] DEBUG o.s.w.s.h.SimpleUrlHandlerMapping - Mapped to ResourceHttpRequestHandler [classpath [META-INF/resources/], classpath [resources/], classpath [static/], classpath [public/], ServletContext [/]]
[2023-05-02 14:27:45:9364][http-nio-8089-exec-8] DEBUG o.s.web.servlet.DispatcherServlet - Completed 200 OK
[2023-05-02 14:27:45:9364][http-nio-8089-exec-2] DEBUG o.s.web.servlet.DispatcherServlet - Completed 200 OK
[2023-05-02 14:27:45:9364][http-nio-8089-exec-4] DEBUG o.s.web.servlet.DispatcherServlet - Completed 200 OK
[2023-05-02 14:27:45:9375][http-nio-8089-exec-5] DEBUG o.s.web.servlet.DispatcherServlet - Completed 200 OK
[2023-05-02 14:33:27:351344][http-nio-8089-exec-8] DEBUG o.s.web.servlet.DispatcherServlet - GET "/livechart", parameters={}
[2023-05-02 14:33:27:351360][http-nio-8089-exec-8] DEBUG o.s.w.s.m.m.a.RequestMappingHandlerMapping - Mapped to com.kbstar.controller.MainController#livechart(Model)
[2023-05-02 14:33:27:351377][http-nio-8089-exec-8] DEBUG o.s.w.s.v.ContentNegotiatingViewResolver - Selected 'text/html' given [text/html, application/xhtml+xml, image/avif, image/webp, image/apng, application/xml;q=0.9, application/signed-exchange;v=b3;q=0.7, */*;q=0.8]
[2023-05-02 14:33:27:351377][http-nio-8089-exec-8] DEBUG o.s.web.servlet.view.JstlView - View name 'index', model {center=livechart}
[2023-05-02 14:33:27:351378][http-nio-8089-exec-8] DEBUG o.s.web.servlet.view.JstlView - Forwarding to [/views/index.jsp]
[2023-05-02 14:33:28:351739][http-nio-8089-exec-8] DEBUG o.s.web.servlet.DispatcherServlet - Completed 200 OK
[2023-05-02 14:33:28:351802][http-nio-8089-exec-5] DEBUG o.s.web.servlet.DispatcherServlet - GET "/vendor/datatables/dataTables.bootstrap4.min.css", parameters={}
[2023-05-02 14:33:28:351803][http-nio-8089-exec-4] DEBUG o.s.web.servlet.DispatcherServlet - GET "/css/sb-admin-2.min.css", parameters={}
[2023-05-02 14:33:28:351803][http-nio-8089-exec-2] DEBUG o.s.web.servlet.DispatcherServlet - GET "/vendor/fontawesome-free/css/all.min.css", parameters={}
[2023-05-02 14:33:28:351804][http-nio-8089-exec-5] DEBUG o.s.w.s.h.SimpleUrlHandlerMapping - Mapped to ResourceHttpRequestHandler [classpath [META-INF/resources/], classpath [resources/], classpath [static/], classpath [public/], ServletContext [/]]
[2023-05-02 14:33:28:351805][http-nio-8089-exec-5] DEBUG o.s.web.servlet.DispatcherServlet - Completed 200 OK
[2023-05-02 14:33:28:351806][http-nio-8089-exec-4] DEBUG o.s.w.s.h.SimpleUrlHandlerMapping - Mapped to ResourceHttpRequestHandler [classpath [META-INF/resources/], classpath [resources/], classpath [static/], classpath [public/], ServletContext [/]]
[2023-05-02 14:33:28:351806][http-nio-8089-exec-2] DEBUG o.s.w.s.h.SimpleUrlHandlerMapping - Mapped to ResourceHttpRequestHandler [classpath [META-INF/resources/], classpath [resources/], classpath [static/], classpath [public/], ServletContext [/]]
[2023-05-02 14:33:28:351809][http-nio-8089-exec-7] DEBUG o.s.web.servlet.DispatcherServlet - GET "/js/charts.js", parameters={}
[2023-05-02 14:33:28:351810][http-nio-8089-exec-7] DEBUG o.s.w.s.h.SimpleUrlHandlerMapping - Mapped to ResourceHttpRequestHandler [classpath [META-INF/resources/], classpath [resources/], classpath [static/], classpath [public/], ServletContext [/]]
[2023-05-02 14:33:28:351811][http-nio-8089-exec-2] DEBUG o.s.web.servlet.DispatcherServlet - Completed 200 OK
[2023-05-02 14:33:28:351812][http-nio-8089-exec-4] DEBUG o.s.web.servlet.DispatcherServlet - Completed 200 OK
[2023-05-02 14:33:28:351812][http-nio-8089-exec-7] DEBUG o.s.web.servlet.DispatcherServlet - Completed 200 OK
[2023-05-02 14:33:28:351853][http-nio-8089-exec-3] DEBUG o.s.web.servlet.DispatcherServlet - GET "/vendor/jquery/jquery.min.js", parameters={}
[2023-05-02 14:33:28:351854][http-nio-8089-exec-3] DEBUG o.s.w.s.h.SimpleUrlHandlerMapping - Mapped to ResourceHttpRequestHandler [classpath [META-INF/resources/], classpath [resources/], classpath [static/], classpath [public/], ServletContext [/]]
[2023-05-02 14:33:28:351866][http-nio-8089-exec-3] DEBUG o.s.web.servlet.DispatcherServlet - Completed 200 OK
[2023-05-02 14:33:28:351876][http-nio-8089-exec-10] DEBUG o.s.web.servlet.DispatcherServlet - GET "/vendor/bootstrap/js/bootstrap.bundle.min.js", parameters={}
[2023-05-02 14:33:28:351879][http-nio-8089-exec-10] DEBUG o.s.w.s.h.SimpleUrlHandlerMapping - Mapped to ResourceHttpRequestHandler [classpath [META-INF/resources/], classpath [resources/], classpath [static/], classpath [public/], ServletContext [/]]
[2023-05-02 14:33:28:351889][http-nio-8089-exec-10] DEBUG o.s.web.servlet.DispatcherServlet - Completed 200 OK
[2023-05-02 14:33:28:351907][http-nio-8089-exec-1] DEBUG o.s.web.servlet.DispatcherServlet - GET "/js/sb-admin-2.min.js", parameters={}
[2023-05-02 14:33:28:351908][http-nio-8089-exec-1] DEBUG o.s.w.s.h.SimpleUrlHandlerMapping - Mapped to ResourceHttpRequestHandler [classpath [META-INF/resources/], classpath [resources/], classpath [static/], classpath [public/], ServletContext [/]]
[2023-05-02 14:33:28:351908][http-nio-8089-exec-9] DEBUG o.s.web.servlet.DispatcherServlet - GET "/js/demo/chart-area-demo.js", parameters={}
[2023-05-02 14:33:28:351909][http-nio-8089-exec-9] DEBUG o.s.w.s.h.SimpleUrlHandlerMapping - Mapped to ResourceHttpRequestHandler [classpath [META-INF/resources/], classpath [resources/], classpath [static/], classpath [public/], ServletContext [/]]
[2023-05-02 14:33:28:351912][http-nio-8089-exec-2] DEBUG o.s.web.servlet.DispatcherServlet - GET "/js/demo/chart-pie-demo.js", parameters={}
[2023-05-02 14:33:28:351913][http-nio-8089-exec-6] DEBUG o.s.web.servlet.DispatcherServlet - GET "/vendor/jquery-easing/jquery.easing.min.js", parameters={}
[2023-05-02 14:33:28:351913][http-nio-8089-exec-6] DEBUG o.s.w.s.h.SimpleUrlHandlerMapping - Mapped to ResourceHttpRequestHandler [classpath [META-INF/resources/], classpath [resources/], classpath [static/], classpath [public/], ServletContext [/]]
[2023-05-02 14:33:28:351913][http-nio-8089-exec-2] DEBUG o.s.w.s.h.SimpleUrlHandlerMapping - Mapped to ResourceHttpRequestHandler [classpath [META-INF/resources/], classpath [resources/], classpath [static/], classpath [public/], ServletContext [/]]
[2023-05-02 14:33:28:351914][http-nio-8089-exec-9] DEBUG o.s.web.servlet.DispatcherServlet - Completed 200 OK
[2023-05-02 14:33:28:351914][http-nio-8089-exec-6] DEBUG o.s.web.servlet.DispatcherServlet - Completed 200 OK
[2023-05-02 14:33:28:351914][http-nio-8089-exec-1] DEBUG o.s.web.servlet.DispatcherServlet - Completed 200 OK
[2023-05-02 14:33:28:351919][http-nio-8089-exec-8] DEBUG o.s.web.servlet.DispatcherServlet - GET "/vendor/chart.js/Chart.min.js", parameters={}
[2023-05-02 14:33:28:351920][http-nio-8089-exec-2] DEBUG o.s.web.servlet.DispatcherServlet - Completed 200 OK
[2023-05-02 14:33:28:351920][http-nio-8089-exec-8] DEBUG o.s.w.s.h.SimpleUrlHandlerMapping - Mapped to ResourceHttpRequestHandler [classpath [META-INF/resources/], classpath [resources/], classpath [static/], classpath [public/], ServletContext [/]]
[2023-05-02 14:33:28:351921][http-nio-8089-exec-5] DEBUG o.s.web.servlet.DispatcherServlet - GET "/vendor/datatables/jquery.dataTables.min.js", parameters={}
[2023-05-02 14:33:28:351922][http-nio-8089-exec-5] DEBUG o.s.w.s.h.SimpleUrlHandlerMapping - Mapped to ResourceHttpRequestHandler [classpath [META-INF/resources/], classpath [resources/], classpath [static/], classpath [public/], ServletContext [/]]
[2023-05-02 14:33:28:351924][http-nio-8089-exec-6] DEBUG o.s.web.servlet.DispatcherServlet - GET "/vendor/datatables/dataTables.bootstrap4.min.js", parameters={}
[2023-05-02 14:33:28:351928][http-nio-8089-exec-8] DEBUG o.s.web.servlet.DispatcherServlet - Completed 200 OK
[2023-05-02 14:33:28:351929][http-nio-8089-exec-5] DEBUG o.s.web.servlet.DispatcherServlet - Completed 200 OK
[2023-05-02 14:33:28:351934][http-nio-8089-exec-6] DEBUG o.s.w.s.h.SimpleUrlHandlerMapping - Mapped to ResourceHttpRequestHandler [classpath [META-INF/resources/], classpath [resources/], classpath [static/], classpath [public/], ServletContext [/]]
[2023-05-02 14:33:28:351936][http-nio-8089-exec-7] DEBUG o.s.web.servlet.DispatcherServlet - GET "/img/undraw_rocket.svg", parameters={}
[2023-05-02 14:33:28:351936][http-nio-8089-exec-5] DEBUG o.s.web.servlet.DispatcherServlet - GET "/img/undraw_profile_1.svg", parameters={}
[2023-05-02 14:33:28:351936][http-nio-8089-exec-7] DEBUG o.s.w.s.h.SimpleUrlHandlerMapping - Mapped to ResourceHttpRequestHandler [classpath [META-INF/resources/], classpath [resources/], classpath [static/], classpath [public/], ServletContext [/]]
[2023-05-02 14:33:28:351936][http-nio-8089-exec-5] DEBUG o.s.w.s.h.SimpleUrlHandlerMapping - Mapped to ResourceHttpRequestHandler [classpath [META-INF/resources/], classpath [resources/], classpath [static/], classpath [public/], ServletContext [/]]
[2023-05-02 14:33:28:351940][http-nio-8089-exec-5] DEBUG o.s.web.servlet.DispatcherServlet - Completed 200 OK
[2023-05-02 14:33:28:351940][http-nio-8089-exec-7] DEBUG o.s.web.servlet.DispatcherServlet - Completed 200 OK
[2023-05-02 14:33:28:351961][http-nio-8089-exec-6] DEBUG o.s.web.servlet.DispatcherServlet - Completed 200 OK
[2023-05-02 14:33:28:351943][http-nio-8089-exec-4] DEBUG o.s.web.servlet.DispatcherServlet - GET "/js/demo/datatables-demo.js", parameters={}
[2023-05-02 14:33:28:351965][http-nio-8089-exec-4] DEBUG o.s.w.s.h.SimpleUrlHandlerMapping - Mapped to ResourceHttpRequestHandler [classpath [META-INF/resources/], classpath [resources/], classpath [static/], classpath [public/], ServletContext [/]]
[2023-05-02 14:33:28:351966][http-nio-8089-exec-7] DEBUG o.s.web.servlet.DispatcherServlet - GET "/img/undraw_profile_3.svg", parameters={}
[2023-05-02 14:33:28:351966][http-nio-8089-exec-9] DEBUG o.s.web.servlet.DispatcherServlet - GET "/vendor/fontawesome-free/webfonts/fa-solid-900.woff2", parameters={}
[2023-05-02 14:33:28:351959][http-nio-8089-exec-10] DEBUG o.s.web.servlet.DispatcherServlet - GET "/img/undraw_profile_2.svg", parameters={}
[2023-05-02 14:33:28:351967][http-nio-8089-exec-10] DEBUG o.s.w.s.h.SimpleUrlHandlerMapping - Mapped to ResourceHttpRequestHandler [classpath [META-INF/resources/], classpath [resources/], classpath [static/], classpath [public/], ServletContext [/]]
[2023-05-02 14:33:28:351966][http-nio-8089-exec-7] DEBUG o.s.w.s.h.SimpleUrlHandlerMapping - Mapped to ResourceHttpRequestHandler [classpath [META-INF/resources/], classpath [resources/], classpath [static/], classpath [public/], ServletContext [/]]
[2023-05-02 14:33:28:351967][http-nio-8089-exec-9] DEBUG o.s.w.s.h.SimpleUrlHandlerMapping - Mapped to ResourceHttpRequestHandler [classpath [META-INF/resources/], classpath [resources/], classpath [static/], classpath [public/], ServletContext [/]]
[2023-05-02 14:33:28:351967][http-nio-8089-exec-4] DEBUG o.s.web.servlet.DispatcherServlet - Completed 200 OK
[2023-05-02 14:33:28:351967][http-nio-8089-exec-10] DEBUG o.s.web.servlet.DispatcherServlet - Completed 200 OK
[2023-05-02 14:33:28:351969][http-nio-8089-exec-7] DEBUG o.s.web.servlet.DispatcherServlet - Completed 200 OK
[2023-05-02 14:33:28:351972][http-nio-8089-exec-9] DEBUG o.s.web.servlet.DispatcherServlet - Completed 200 OK
[2023-05-02 14:33:28:351972][http-nio-8089-exec-8] DEBUG o.s.web.servlet.DispatcherServlet - GET "/img/undraw_profile.svg", parameters={}
[2023-05-02 14:33:28:351991][http-nio-8089-exec-8] DEBUG o.s.w.s.h.SimpleUrlHandlerMapping - Mapped to ResourceHttpRequestHandler [classpath [META-INF/resources/], classpath [resources/], classpath [static/], classpath [public/], ServletContext [/]]
[2023-05-02 14:33:28:352013][http-nio-8089-exec-8] DEBUG o.s.web.servlet.DispatcherServlet - Completed 200 OK
[2023-05-02 14:33:30:354459][http-nio-8089-exec-1] DEBUG o.s.web.servlet.DispatcherServlet - GET "/item/all", parameters={}
[2023-05-02 14:33:30:354462][http-nio-8089-exec-1] DEBUG o.s.w.s.h.SimpleUrlHandlerMapping - Mapped to ResourceHttpRequestHandler [classpath [META-INF/resources/], classpath [resources/], classpath [static/], classpath [public/], ServletContext [/]]
[2023-05-02 14:33:30:354465][http-nio-8089-exec-1] DEBUG o.s.w.s.r.ResourceHttpRequestHandler - Resource not found
[2023-05-02 14:33:30:354466][http-nio-8089-exec-1] DEBUG o.s.web.servlet.DispatcherServlet - Completed 404 NOT_FOUND
[2023-05-02 14:33:30:354467][http-nio-8089-exec-1] DEBUG o.s.web.servlet.DispatcherServlet - "ERROR" dispatch for GET "/error", parameters={}
[2023-05-02 14:33:30:354474][http-nio-8089-exec-1] DEBUG o.s.w.s.m.m.a.RequestMappingHandlerMapping - Mapped to org.springframework.boot.autoconfigure.web.servlet.error.BasicErrorController#errorHtml(HttpServletRequest, HttpServletResponse)
[2023-05-02 14:33:30:354498][http-nio-8089-exec-1] DEBUG o.s.w.s.v.ContentNegotiatingViewResolver - Selected 'text/html' given [text/html, text/html;q=0.8]
[2023-05-02 14:33:30:354508][http-nio-8089-exec-1] DEBUG o.s.web.servlet.DispatcherServlet - Exiting from "ERROR" dispatch, status 404
[2023-05-02 14:33:32:355730][http-nio-8089-exec-2] DEBUG o.s.web.servlet.DispatcherServlet - GET "/livechart", parameters={}
[2023-05-02 14:33:32:355730][http-nio-8089-exec-2] DEBUG o.s.w.s.m.m.a.RequestMappingHandlerMapping - Mapped to com.kbstar.controller.MainController#livechart(Model)
[2023-05-02 14:33:32:355732][http-nio-8089-exec-2] DEBUG o.s.w.s.v.ContentNegotiatingViewResolver - Selected 'text/html' given [text/html, application/xhtml+xml, image/avif, image/webp, image/apng, application/xml;q=0.9, application/signed-exchange;v=b3;q=0.7, */*;q=0.8]
[2023-05-02 14:33:32:355732][http-nio-8089-exec-2] DEBUG o.s.web.servlet.view.JstlView - View name 'index', model {center=livechart}
[2023-05-02 14:33:32:355732][http-nio-8089-exec-2] DEBUG o.s.web.servlet.view.JstlView - Forwarding to [/views/index.jsp]
[2023-05-02 14:33:32:355736][http-nio-8089-exec-2] DEBUG o.s.web.servlet.DispatcherServlet - Completed 200 OK
[2023-05-02 14:33:32:355747][http-nio-8089-exec-3] DEBUG o.s.web.servlet.DispatcherServlet - GET "/vendor/fontawesome-free/css/all.min.css", parameters={}
[2023-05-02 14:33:32:355747][http-nio-8089-exec-5] DEBUG o.s.web.servlet.DispatcherServlet - GET "/css/sb-admin-2.min.css", parameters={}
[2023-05-02 14:33:32:355747][http-nio-8089-exec-3] DEBUG o.s.w.s.h.SimpleUrlHandlerMapping - Mapped to ResourceHttpRequestHandler [classpath [META-INF/resources/], classpath [resources/], classpath [static/], classpath [public/], ServletContext [/]]
[2023-05-02 14:33:32:355748][http-nio-8089-exec-6] DEBUG o.s.web.servlet.DispatcherServlet - GET "/js/charts.js", parameters={}
[2023-05-02 14:33:32:355747][http-nio-8089-exec-5] DEBUG o.s.w.s.h.SimpleUrlHandlerMapping - Mapped to ResourceHttpRequestHandler [classpath [META-INF/resources/], classpath [resources/], classpath [static/], classpath [public/], ServletContext [/]]
[2023-05-02 14:33:32:355748][http-nio-8089-exec-4] DEBUG o.s.web.servlet.DispatcherServlet - GET "/vendor/datatables/dataTables.bootstrap4.min.css", parameters={}
[2023-05-02 14:33:32:355749][http-nio-8089-exec-4] DEBUG o.s.w.s.h.SimpleUrlHandlerMapping - Mapped to ResourceHttpRequestHandler [classpath [META-INF/resources/], classpath [resources/], classpath [static/], classpath [public/], ServletContext [/]]
[2023-05-02 14:33:32:355750][http-nio-8089-exec-6] DEBUG o.s.w.s.h.SimpleUrlHandlerMapping - Mapped to ResourceHttpRequestHandler [classpath [META-INF/resources/], classpath [resources/], classpath [static/], classpath [public/], ServletContext [/]]
[2023-05-02 14:33:32:355751][http-nio-8089-exec-3] DEBUG o.s.web.servlet.DispatcherServlet - Completed 200 OK
[2023-05-02 14:33:32:355752][http-nio-8089-exec-5] DEBUG o.s.web.servlet.DispatcherServlet - Completed 200 OK
[2023-05-02 14:33:32:355752][http-nio-8089-exec-6] DEBUG o.s.web.servlet.DispatcherServlet - Completed 200 OK
[2023-05-02 14:33:32:355752][http-nio-8089-exec-4] DEBUG o.s.web.servlet.DispatcherServlet - Completed 200 OK
[2023-05-02 14:33:32:355761][http-nio-8089-exec-10] DEBUG o.s.web.servlet.DispatcherServlet - GET "/vendor/jquery/jquery.min.js", parameters={}
[2023-05-02 14:33:32:355761][http-nio-8089-exec-10] DEBUG o.s.w.s.h.SimpleUrlHandlerMapping - Mapped to ResourceHttpRequestHandler [classpath [META-INF/resources/], classpath [resources/], classpath [static/], classpath [public/], ServletContext [/]]
[2023-05-02 14:33:32:355763][http-nio-8089-exec-10] DEBUG o.s.web.servlet.DispatcherServlet - Completed 200 OK
[2023-05-02 14:33:32:355763][http-nio-8089-exec-7] DEBUG o.s.web.servlet.DispatcherServlet - GET "/vendor/bootstrap/js/bootstrap.bundle.min.js", parameters={}
[2023-05-02 14:33:32:355764][http-nio-8089-exec-7] DEBUG o.s.w.s.h.SimpleUrlHandlerMapping - Mapped to ResourceHttpRequestHandler [classpath [META-INF/resources/], classpath [resources/], classpath [static/], classpath [public/], ServletContext [/]]
[2023-05-02 14:33:32:355765][http-nio-8089-exec-7] DEBUG o.s.web.servlet.DispatcherServlet - Completed 200 OK
[2023-05-02 14:33:32:355773][http-nio-8089-exec-9] DEBUG o.s.web.servlet.DispatcherServlet - GET "/vendor/jquery-easing/jquery.easing.min.js", parameters={}
[2023-05-02 14:33:32:355773][http-nio-8089-exec-8] DEBUG o.s.web.servlet.DispatcherServlet - GET "/js/sb-admin-2.min.js", parameters={}
[2023-05-02 14:33:32:355773][http-nio-8089-exec-9] DEBUG o.s.w.s.h.SimpleUrlHandlerMapping - Mapped to ResourceHttpRequestHandler [classpath [META-INF/resources/], classpath [resources/], classpath [static/], classpath [public/], ServletContext [/]]
[2023-05-02 14:33:32:355773][http-nio-8089-exec-1] DEBUG o.s.web.servlet.DispatcherServlet - GET "/vendor/chart.js/Chart.min.js", parameters={}
[2023-05-02 14:33:32:355773][http-nio-8089-exec-8] DEBUG o.s.w.s.h.SimpleUrlHandlerMapping - Mapped to ResourceHttpRequestHandler [classpath [META-INF/resources/], classpath [resources/], classpath [static/], classpath [public/], ServletContext [/]]
[2023-05-02 14:33:32:355774][http-nio-8089-exec-1] DEBUG o.s.w.s.h.SimpleUrlHandlerMapping - Mapped to ResourceHttpRequestHandler [classpath [META-INF/resources/], classpath [resources/], classpath [static/], classpath [public/], ServletContext [/]]
[2023-05-02 14:33:32:355774][http-nio-8089-exec-2] DEBUG o.s.web.servlet.DispatcherServlet - GET "/js/demo/chart-area-demo.js", parameters={}
[2023-05-02 14:33:32:355774][http-nio-8089-exec-2] DEBUG o.s.w.s.h.SimpleUrlHandlerMapping - Mapped to ResourceHttpRequestHandler [classpath [META-INF/resources/], classpath [resources/], classpath [static/], classpath [public/], ServletContext [/]]
[2023-05-02 14:33:32:355774][http-nio-8089-exec-5] DEBUG o.s.web.servlet.DispatcherServlet - GET "/vendor/datatables/jquery.dataTables.min.js", parameters={}
[2023-05-02 14:33:32:355774][http-nio-8089-exec-5] DEBUG o.s.w.s.h.SimpleUrlHandlerMapping - Mapped to ResourceHttpRequestHandler [classpath [META-INF/resources/], classpath [resources/], classpath [static/], classpath [public/], ServletContext [/]]
[2023-05-02 14:33:32:355774][http-nio-8089-exec-9] DEBUG o.s.web.servlet.DispatcherServlet - Completed 200 OK
[2023-05-02 14:33:32:355774][http-nio-8089-exec-8] DEBUG o.s.web.servlet.DispatcherServlet - Completed 200 OK
[2023-05-02 14:33:32:355775][http-nio-8089-exec-3] DEBUG o.s.web.servlet.DispatcherServlet - GET "/js/demo/chart-pie-demo.js", parameters={}
[2023-05-02 14:33:32:355775][http-nio-8089-exec-3] DEBUG o.s.w.s.h.SimpleUrlHandlerMapping - Mapped to ResourceHttpRequestHandler [classpath [META-INF/resources/], classpath [resources/], classpath [static/], classpath [public/], ServletContext [/]]
[2023-05-02 14:33:32:355775][http-nio-8089-exec-2] DEBUG o.s.web.servlet.DispatcherServlet - Completed 200 OK
[2023-05-02 14:33:32:355775][http-nio-8089-exec-1] DEBUG o.s.web.servlet.DispatcherServlet - Completed 200 OK
[2023-05-02 14:33:32:355776][http-nio-8089-exec-5] DEBUG o.s.web.servlet.DispatcherServlet - Completed 200 OK
[2023-05-02 14:33:32:355776][http-nio-8089-exec-3] DEBUG o.s.web.servlet.DispatcherServlet - Completed 200 OK
[2023-05-02 14:33:32:355778][http-nio-8089-exec-6] DEBUG o.s.web.servlet.DispatcherServlet - GET "/vendor/datatables/dataTables.bootstrap4.min.js", parameters={}
[2023-05-02 14:33:32:355778][http-nio-8089-exec-4] DEBUG o.s.web.servlet.DispatcherServlet - GET "/js/demo/datatables-demo.js", parameters={}
[2023-05-02 14:33:32:355778][http-nio-8089-exec-6] DEBUG o.s.w.s.h.SimpleUrlHandlerMapping - Mapped to ResourceHttpRequestHandler [classpath [META-INF/resources/], classpath [resources/], classpath [static/], classpath [public/], ServletContext [/]]
[2023-05-02 14:33:32:355778][http-nio-8089-exec-4] DEBUG o.s.w.s.h.SimpleUrlHandlerMapping - Mapped to ResourceHttpRequestHandler [classpath [META-INF/resources/], classpath [resources/], classpath [static/], classpath [public/], ServletContext [/]]
[2023-05-02 14:33:32:355779][http-nio-8089-exec-4] DEBUG o.s.web.servlet.DispatcherServlet - Completed 200 OK
[2023-05-02 14:33:32:355779][http-nio-8089-exec-6] DEBUG o.s.web.servlet.DispatcherServlet - Completed 200 OK
[2023-05-02 14:34:38:422242][http-nio-8089-exec-5] DEBUG o.s.web.servlet.DispatcherServlet - GET "/livechart", parameters={}
[2023-05-02 14:34:38:422245][http-nio-8089-exec-5] DEBUG o.s.w.s.m.m.a.RequestMappingHandlerMapping - Mapped to com.kbstar.controller.MainController#livechart(Model)
[2023-05-02 14:34:38:422252][http-nio-8089-exec-5] DEBUG o.s.w.s.v.ContentNegotiatingViewResolver - Selected 'text/html' given [text/html, application/xhtml+xml, image/avif, image/webp, image/apng, application/xml;q=0.9, application/signed-exchange;v=b3;q=0.7, */*;q=0.8]
[2023-05-02 14:34:38:422252][http-nio-8089-exec-5] DEBUG o.s.web.servlet.view.JstlView - View name 'index', model {center=livechart}
[2023-05-02 14:34:38:422253][http-nio-8089-exec-5] DEBUG o.s.web.servlet.view.JstlView - Forwarding to [/views/index.jsp]
[2023-05-02 14:34:38:422360][http-nio-8089-exec-5] DEBUG o.s.web.servlet.DispatcherServlet - Completed 200 OK
[2023-05-02 14:34:38:422394][http-nio-8089-exec-3] DEBUG o.s.web.servlet.DispatcherServlet - GET "/css/sb-admin-2.min.css", parameters={}
[2023-05-02 14:34:38:422395][http-nio-8089-exec-3] DEBUG o.s.w.s.h.SimpleUrlHandlerMapping - Mapped to ResourceHttpRequestHandler [classpath [META-INF/resources/], classpath [resources/], classpath [static/], classpath [public/], ServletContext [/]]
[2023-05-02 14:34:38:422402][http-nio-8089-exec-4] DEBUG o.s.web.servlet.DispatcherServlet - GET "/vendor/fontawesome-free/css/all.min.css", parameters={}
[2023-05-02 14:34:38:422402][http-nio-8089-exec-6] DEBUG o.s.web.servlet.DispatcherServlet - GET "/js/charts.js", parameters={}
[2023-05-02 14:34:38:422403][http-nio-8089-exec-4] DEBUG o.s.w.s.h.SimpleUrlHandlerMapping - Mapped to ResourceHttpRequestHandler [classpath [META-INF/resources/], classpath [resources/], classpath [static/], classpath [public/], ServletContext [/]]
[2023-05-02 14:34:38:422403][http-nio-8089-exec-6] DEBUG o.s.w.s.h.SimpleUrlHandlerMapping - Mapped to ResourceHttpRequestHandler [classpath [META-INF/resources/], classpath [resources/], classpath [static/], classpath [public/], ServletContext [/]]
[2023-05-02 14:34:38:422404][http-nio-8089-exec-2] DEBUG o.s.web.servlet.DispatcherServlet - GET "/vendor/datatables/dataTables.bootstrap4.min.css", parameters={}
[2023-05-02 14:34:38:422405][http-nio-8089-exec-6] DEBUG o.s.web.servlet.DispatcherServlet - Completed 200 OK
[2023-05-02 14:34:38:422405][http-nio-8089-exec-2] DEBUG o.s.w.s.h.SimpleUrlHandlerMapping - Mapped to ResourceHttpRequestHandler [classpath [META-INF/resources/], classpath [resources/], classpath [static/], classpath [public/], ServletContext [/]]
[2023-05-02 14:34:38:422408][http-nio-8089-exec-3] DEBUG o.s.web.servlet.DispatcherServlet - Completed 200 OK
[2023-05-02 14:34:38:422411][http-nio-8089-exec-4] DEBUG o.s.web.servlet.DispatcherServlet - Completed 200 OK
[2023-05-02 14:34:38:422414][http-nio-8089-exec-2] DEBUG o.s.web.servlet.DispatcherServlet - Completed 200 OK
[2023-05-02 14:34:38:422424][http-nio-8089-exec-9] DEBUG o.s.web.servlet.DispatcherServlet - GET "/vendor/bootstrap/js/bootstrap.bundle.min.js", parameters={}
[2023-05-02 14:34:38:422424][http-nio-8089-exec-7] DEBUG o.s.web.servlet.DispatcherServlet - GET "/vendor/jquery/jquery.min.js", parameters={}
[2023-05-02 14:34:38:422425][http-nio-8089-exec-7] DEBUG o.s.w.s.h.SimpleUrlHandlerMapping - Mapped to ResourceHttpRequestHandler [classpath [META-INF/resources/], classpath [resources/], classpath [static/], classpath [public/], ServletContext [/]]
[2023-05-02 14:34:38:422426][http-nio-8089-exec-9] DEBUG o.s.w.s.h.SimpleUrlHandlerMapping - Mapped to ResourceHttpRequestHandler [classpath [META-INF/resources/], classpath [resources/], classpath [static/], classpath [public/], ServletContext [/]]
[2023-05-02 14:34:38:422428][http-nio-8089-exec-7] DEBUG o.s.web.servlet.DispatcherServlet - Completed 200 OK
[2023-05-02 14:34:38:422430][http-nio-8089-exec-9] DEBUG o.s.web.servlet.DispatcherServlet - Completed 200 OK
[2023-05-02 14:34:38:422440][http-nio-8089-exec-5] DEBUG o.s.web.servlet.DispatcherServlet - GET "/vendor/chart.js/Chart.min.js", parameters={}
[2023-05-02 14:34:38:422440][http-nio-8089-exec-1] DEBUG o.s.web.servlet.DispatcherServlet - GET "/js/demo/chart-area-demo.js", parameters={}
[2023-05-02 14:34:38:422440][http-nio-8089-exec-5] DEBUG o.s.w.s.h.SimpleUrlHandlerMapping - Mapped to ResourceHttpRequestHandler [classpath [META-INF/resources/], classpath [resources/], classpath [static/], classpath [public/], ServletContext [/]]
[2023-05-02 14:34:38:422440][http-nio-8089-exec-1] DEBUG o.s.w.s.h.SimpleUrlHandlerMapping - Mapped to ResourceHttpRequestHandler [classpath [META-INF/resources/], classpath [resources/], classpath [static/], classpath [public/], ServletContext [/]]
[2023-05-02 14:34:38:422442][http-nio-8089-exec-6] DEBUG o.s.web.servlet.DispatcherServlet - GET "/vendor/datatables/jquery.dataTables.min.js", parameters={}
[2023-05-02 14:34:38:422442][http-nio-8089-exec-3] DEBUG o.s.web.servlet.DispatcherServlet - GET "/js/demo/chart-pie-demo.js", parameters={}
[2023-05-02 14:34:38:422442][http-nio-8089-exec-8] DEBUG o.s.web.servlet.DispatcherServlet - GET "/vendor/jquery-easing/jquery.easing.min.js", parameters={}
[2023-05-02 14:34:38:422442][http-nio-8089-exec-3] DEBUG o.s.w.s.h.SimpleUrlHandlerMapping - Mapped to ResourceHttpRequestHandler [classpath [META-INF/resources/], classpath [resources/], classpath [static/], classpath [public/], ServletContext [/]]
[2023-05-02 14:34:38:422442][http-nio-8089-exec-6] DEBUG o.s.w.s.h.SimpleUrlHandlerMapping - Mapped to ResourceHttpRequestHandler [classpath [META-INF/resources/], classpath [resources/], classpath [static/], classpath [public/], ServletContext [/]]
[2023-05-02 14:34:38:422442][http-nio-8089-exec-8] DEBUG o.s.w.s.h.SimpleUrlHandlerMapping - Mapped to ResourceHttpRequestHandler [classpath [META-INF/resources/], classpath [resources/], classpath [static/], classpath [public/], ServletContext [/]]
[2023-05-02 14:34:38:422443][http-nio-8089-exec-10] DEBUG o.s.web.servlet.DispatcherServlet - GET "/js/sb-admin-2.min.js", parameters={}
[2023-05-02 14:34:38:422444][http-nio-8089-exec-5] DEBUG o.s.web.servlet.DispatcherServlet - Completed 200 OK
[2023-05-02 14:34:38:422444][http-nio-8089-exec-8] DEBUG o.s.web.servlet.DispatcherServlet - Completed 200 OK
[2023-05-02 14:34:38:422445][http-nio-8089-exec-10] DEBUG o.s.w.s.h.SimpleUrlHandlerMapping - Mapped to ResourceHttpRequestHandler [classpath [META-INF/resources/], classpath [resources/], classpath [static/], classpath [public/], ServletContext [/]]
[2023-05-02 14:34:38:422446][http-nio-8089-exec-8] DEBUG o.s.web.servlet.DispatcherServlet - GET "/js/demo/datatables-demo.js", parameters={}
[2023-05-02 14:34:38:422443][http-nio-8089-exec-1] DEBUG o.s.web.servlet.DispatcherServlet - Completed 200 OK
[2023-05-02 14:34:38:422446][http-nio-8089-exec-3] DEBUG o.s.web.servlet.DispatcherServlet - Completed 200 OK
[2023-05-02 14:34:38:422446][http-nio-8089-exec-8] DEBUG o.s.w.s.h.SimpleUrlHandlerMapping - Mapped to ResourceHttpRequestHandler [classpath [META-INF/resources/], classpath [resources/], classpath [static/], classpath [public/], ServletContext [/]]
[2023-05-02 14:34:38:422447][http-nio-8089-exec-3] DEBUG o.s.web.servlet.DispatcherServlet - GET "/img/undraw_rocket.svg", parameters={}
[2023-05-02 14:34:38:422448][http-nio-8089-exec-3] DEBUG o.s.w.s.h.SimpleUrlHandlerMapping - Mapped to ResourceHttpRequestHandler [classpath [META-INF/resources/], classpath [resources/], classpath [static/], classpath [public/], ServletContext [/]]
[2023-05-02 14:34:38:422448][http-nio-8089-exec-10] DEBUG o.s.web.servlet.DispatcherServlet - Completed 200 OK
[2023-05-02 14:34:38:422448][http-nio-8089-exec-8] DEBUG o.s.web.servlet.DispatcherServlet - Completed 200 OK
[2023-05-02 14:34:38:422447][http-nio-8089-exec-1] DEBUG o.s.web.servlet.DispatcherServlet - GET "/vendor/datatables/dataTables.bootstrap4.min.js", parameters={}
[2023-05-02 14:34:38:422449][http-nio-8089-exec-1] DEBUG o.s.w.s.h.SimpleUrlHandlerMapping - Mapped to ResourceHttpRequestHandler [classpath [META-INF/resources/], classpath [resources/], classpath [static/], classpath [public/], ServletContext [/]]
[2023-05-02 14:34:38:422450][http-nio-8089-exec-3] DEBUG o.s.web.servlet.DispatcherServlet - Completed 200 OK
[2023-05-02 14:34:38:422451][http-nio-8089-exec-1] DEBUG o.s.web.servlet.DispatcherServlet - Completed 200 OK
[2023-05-02 14:34:38:422451][http-nio-8089-exec-8] DEBUG o.s.web.servlet.DispatcherServlet - GET "/img/undraw_profile_1.svg", parameters={}
[2023-05-02 14:34:38:422451][http-nio-8089-exec-8] DEBUG o.s.w.s.h.SimpleUrlHandlerMapping - Mapped to ResourceHttpRequestHandler [classpath [META-INF/resources/], classpath [resources/], classpath [static/], classpath [public/], ServletContext [/]]
[2023-05-02 14:34:38:422452][http-nio-8089-exec-1] DEBUG o.s.web.servlet.DispatcherServlet - GET "/img/undraw_profile_3.svg", parameters={}
[2023-05-02 14:34:38:422452][http-nio-8089-exec-3] DEBUG o.s.web.servlet.DispatcherServlet - GET "/img/undraw_profile_2.svg", parameters={}
[2023-05-02 14:34:38:422452][http-nio-8089-exec-1] DEBUG o.s.w.s.h.SimpleUrlHandlerMapping - Mapped to ResourceHttpRequestHandler [classpath [META-INF/resources/], classpath [resources/], classpath [static/], classpath [public/], ServletContext [/]]
[2023-05-02 14:34:38:422453][http-nio-8089-exec-3] DEBUG o.s.w.s.h.SimpleUrlHandlerMapping - Mapped to ResourceHttpRequestHandler [classpath [META-INF/resources/], classpath [resources/], classpath [static/], classpath [public/], ServletContext [/]]
[2023-05-02 14:34:38:422453][http-nio-8089-exec-1] DEBUG o.s.web.servlet.DispatcherServlet - Completed 200 OK
[2023-05-02 14:34:38:422453][http-nio-8089-exec-8] DEBUG o.s.web.servlet.DispatcherServlet - Completed 200 OK
[2023-05-02 14:34:38:422454][http-nio-8089-exec-6] DEBUG o.s.web.servlet.DispatcherServlet - Completed 200 OK
[2023-05-02 14:34:38:422456][http-nio-8089-exec-6] DEBUG o.s.web.servlet.DispatcherServlet - GET "/img/undraw_profile.svg", parameters={}
[2023-05-02 14:34:38:422461][http-nio-8089-exec-6] DEBUG o.s.w.s.h.SimpleUrlHandlerMapping - Mapped to ResourceHttpRequestHandler [classpath [META-INF/resources/], classpath [resources/], classpath [static/], classpath [public/], ServletContext [/]]
[2023-05-02 14:34:38:422458][http-nio-8089-exec-3] DEBUG o.s.web.servlet.DispatcherServlet - Completed 200 OK
[2023-05-02 14:34:38:422475][http-nio-8089-exec-3] DEBUG o.s.web.servlet.DispatcherServlet - GET "/vendor/fontawesome-free/webfonts/fa-solid-900.woff2", parameters={}
[2023-05-02 14:34:38:422475][http-nio-8089-exec-3] DEBUG o.s.w.s.h.SimpleUrlHandlerMapping - Mapped to ResourceHttpRequestHandler [classpath [META-INF/resources/], classpath [resources/], classpath [static/], classpath [public/], ServletContext [/]]
[2023-05-02 14:34:38:422475][http-nio-8089-exec-6] DEBUG o.s.web.servlet.DispatcherServlet - Completed 200 OK
[2023-05-02 14:34:38:422481][http-nio-8089-exec-3] DEBUG o.s.web.servlet.DispatcherServlet - Completed 200 OK
